2023-12-05 02:39:00,080 [INFO] Activator:176 - 


2023-12-05 02:39:00,087 [INFO] Activator:177 - !SESSION log4j initialized
2023-12-05 02:39:07,625 [INFO] LogOutputStream:77 - [STDOUT_REDIRECT] 
2023-12-05 02:39:10,888 [INFO] ApplicationProperties:184 - Using Application install path: C:\ST\STM32CubeIDE_1.13.2\STM32CubeIDE\plugins\com.st.stm32cube.common.mx_6.9.2.202309101412
2023-12-05 02:39:10,911 [INFO] DbMcusXml:78 - Set database path to: C:\ST\STM32CubeIDE_1.13.2\STM32CubeIDE\plugins\com.st.stm32cube.common.mx_6.9.2.202309101412\\db\/mcu/
2023-12-05 02:39:10,912 [INFO] ApiDb:274 - Set plugin database path to: C:\ST\STM32CubeIDE_1.13.2\STM32CubeIDE\plugins\com.st.stm32cube.common.mx_6.9.2.202309101412\\db\/plugins/boardmanager/
2023-12-05 02:39:10,912 [WARN] ApiDb:259 - Overriding images path with different value:  => C:\ST\STM32CubeIDE_1.13.2\STM32CubeIDE\plugins\com.st.stm32cube.common.mx_6.9.2.202309101412\\db\/plugins/mcufinder/images/
2023-12-05 02:39:10,987 [INFO] ApiDb:250 - Set database path to: C:\Users\zafee\.stmcufinder\plugins\mcufinder//mcu/
2023-12-05 02:39:10,989 [INFO] DbMcusAds:125 - Set database path to: C:\Users\zafee\.stmcufinder\plugins\mcufinder//mcu/
2023-12-05 02:39:10,991 [INFO] CrossReferenceDbSqlite:203 - Set database path to: C:\Users\zafee\.stmcufinder\plugins\mcufinder//mcu/cs/
2023-12-05 02:39:11,226 [INFO] RulesReader:64 - Compatibility file has been processed (293 Rules)
2023-12-05 02:39:11,348 [INFO] DbMcusXml:78 - Set database path to: C:\ST\STM32CubeIDE_1.13.2\STM32CubeIDE\plugins\com.st.stm32cube.common.mx_6.9.2.202309101412\\db\/mcu/
2023-12-05 02:39:11,348 [INFO] ApiDb:274 - Set plugin database path to: C:\ST\STM32CubeIDE_1.13.2\STM32CubeIDE\plugins\com.st.stm32cube.common.mx_6.9.2.202309101412\\db\/plugins/boardmanager/
2023-12-05 02:39:11,348 [INFO] ApiDb:261 - Set plugin images path to: C:\ST\STM32CubeIDE_1.13.2\STM32CubeIDE\plugins\com.st.stm32cube.common.mx_6.9.2.202309101412\\db\/plugins/mcufinder/images/
2023-12-05 02:39:11,348 [WARN] DbFile:41 - Overriding database path with different value: C:\Users\zafee\.stmcufinder\plugins\mcufinder/ => C:\Users\zafee\.stmcufinder\plugins\mcufinder
2023-12-05 02:39:11,350 [INFO] ApiDb:250 - Set database path to: C:\Users\zafee\.stmcufinder\plugins\mcufinder//mcu/
2023-12-05 02:39:11,350 [WARN] DbFile:41 - Overriding database path with different value: C:\Users\zafee\.stmcufinder\plugins\mcufinder/ => C:\Users\zafee\.stmcufinder\plugins\mcufinder
2023-12-05 02:39:11,350 [INFO] DbMcusAds:125 - Set database path to: C:\Users\zafee\.stmcufinder\plugins\mcufinder//mcu/
2023-12-05 02:39:11,350 [WARN] DbFile:41 - Overriding database path with different value: C:\Users\zafee\.stmcufinder\plugins\mcufinder/ => C:\Users\zafee\.stmcufinder\plugins\mcufinder
2023-12-05 02:39:11,350 [WARN] DbFile:41 - Overriding database path with different value: C:\Users\zafee\.stmcufinder\plugins\mcufinder/ => C:\Users\zafee\.stmcufinder\plugins\mcufinder
2023-12-05 02:39:11,350 [INFO] CrossReferenceDbSqlite:203 - Set database path to: C:\Users\zafee\.stmcufinder\plugins\mcufinder//mcu/cs/
2023-12-05 02:39:11,475 [INFO] MainPanel:262 - HeapMemory: 268435456
2023-12-05 02:39:11,628 [INFO] DbMcusXml:78 - Set database path to: C:\ST\STM32CubeIDE_1.13.2\STM32CubeIDE\plugins\com.st.stm32cube.common.mx_6.9.2.202309101412\\db\/mcu/
2023-12-05 02:39:11,628 [INFO] ApiDb:274 - Set plugin database path to: C:\ST\STM32CubeIDE_1.13.2\STM32CubeIDE\plugins\com.st.stm32cube.common.mx_6.9.2.202309101412\\db\/plugins/boardmanager/
2023-12-05 02:39:11,628 [INFO] ApiDb:261 - Set plugin images path to: C:\ST\STM32CubeIDE_1.13.2\STM32CubeIDE\plugins\com.st.stm32cube.common.mx_6.9.2.202309101412\\db\/plugins/mcufinder/images/
2023-12-05 02:39:11,630 [WARN] DbFile:41 - Overriding database path with different value: C:\Users\zafee\.stmcufinder\plugins\mcufinder/ => C:\Users\zafee\.stmcufinder\plugins\mcufinder
2023-12-05 02:39:11,630 [INFO] ApiDb:250 - Set database path to: C:\Users\zafee\.stmcufinder\plugins\mcufinder//mcu/
2023-12-05 02:39:11,630 [WARN] DbFile:41 - Overriding database path with different value: C:\Users\zafee\.stmcufinder\plugins\mcufinder/ => C:\Users\zafee\.stmcufinder\plugins\mcufinder
2023-12-05 02:39:11,630 [INFO] DbMcusAds:125 - Set database path to: C:\Users\zafee\.stmcufinder\plugins\mcufinder//mcu/
2023-12-05 02:39:11,630 [WARN] DbFile:41 - Overriding database path with different value: C:\Users\zafee\.stmcufinder\plugins\mcufinder/ => C:\Users\zafee\.stmcufinder\plugins\mcufinder
2023-12-05 02:39:11,630 [WARN] DbFile:41 - Overriding database path with different value: C:\Users\zafee\.stmcufinder\plugins\mcufinder/ => C:\Users\zafee\.stmcufinder\plugins\mcufinder
2023-12-05 02:39:11,630 [INFO] CrossReferenceDbSqlite:203 - Set database path to: C:\Users\zafee\.stmcufinder\plugins\mcufinder//mcu/cs/
2023-12-05 02:39:11,656 [INFO] ApplicationProperties:184 - Using Application install path: C:\ST\STM32CubeIDE_1.13.2\STM32CubeIDE\plugins\com.st.stm32cube.common.mx_6.9.2.202309101412
2023-12-05 02:39:11,658 [INFO] PluginManage:196 - Search for loadable plugins [exclusion list=, ]
2023-12-05 02:39:11,660 [INFO] PluginManage:310 - Check plugin analytics
2023-12-05 02:39:11,993 [INFO] AnalyticsPlugin:253 - Accepted Software Licenses: STM32CubeMX.6.10.0
2023-12-05 02:39:11,994 [INFO] AnalyticsPlugin:255 - Accepted CMSIS Pack Licenses: 
2023-12-05 02:39:11,994 [INFO] AnalyticsPlugin:257 - Accepted Firmware Licenses: FW.H7.1.11.0
2023-12-05 02:39:12,004 [INFO] PluginManage:359 - Loaded plugin analytics (category:tool,tabindex:-1)
2023-12-05 02:39:12,005 [INFO] PluginManage:310 - Check plugin cadmodel
2023-12-05 02:39:12,064 [INFO] CADModel:105 - Init CAD model plugin
2023-12-05 02:39:12,068 [INFO] PluginManage:359 - Loaded plugin cadmodel (category:power,tabindex:5)
2023-12-05 02:39:12,068 [INFO] PluginManage:310 - Check plugin clock
2023-12-05 02:39:12,114 [INFO] PluginManage:359 - Loaded plugin clock (category:base,tabindex:2)
2023-12-05 02:39:12,114 [INFO] PluginManage:310 - Check plugin ddr
2023-12-05 02:39:12,117 [INFO] PluginManage:359 - Loaded plugin ddr (category:tool,tabindex:6)
2023-12-05 02:39:12,118 [INFO] PluginManage:310 - Check plugin filemanager
2023-12-05 02:39:12,428 [INFO] PluginManage:359 - Loaded plugin filemanager (category:base,tabindex:10)
2023-12-05 02:39:12,430 [INFO] PluginManage:310 - Check plugin ipmanager
2023-12-05 02:39:12,442 [INFO] PluginManage:359 - Loaded plugin ipmanager (category:base,tabindex:5)
2023-12-05 02:39:12,443 [INFO] PluginManage:310 - Check plugin lpbam
2023-12-05 02:39:12,484 [INFO] PluginManage:359 - Loaded plugin lpbam (category:base,tabindex:0)
2023-12-05 02:39:12,484 [INFO] PluginManage:310 - Check plugin memorymap
2023-12-05 02:39:12,579 [INFO] PluginManage:359 - Loaded plugin memorymap (category:base,tabindex:4)
2023-12-05 02:39:12,579 [INFO] PluginManage:310 - Check plugin pinoutandconfiguration
2023-12-05 02:39:12,655 [INFO] PluginManage:359 - Loaded plugin pinoutandconfiguration (category:base,tabindex:1)
2023-12-05 02:39:12,655 [INFO] PluginManage:310 - Check plugin pinoutconfig
2023-12-05 02:39:12,985 [WARN] SupportedApi:132 - Cannot load RTOS API schema: s4s-elt-must-match.1: The content of 'definitions' must match (annotation?, (simpleType | complexType)?, (unique | key | keyref)*)). A problem was found starting at: attribute.
2023-12-05 02:39:13,254 [INFO] PluginManage:359 - Loaded plugin pinoutconfig (category:base,tabindex:0)
2023-12-05 02:39:13,254 [INFO] PluginManage:310 - Check plugin power
2023-12-05 02:39:13,319 [INFO] PluginManage:359 - Loaded plugin power (category:power,tabindex:4)
2023-12-05 02:39:13,320 [INFO] PluginManage:310 - Check plugin projectmanager
2023-12-05 02:39:13,344 [INFO] PluginManage:359 - Loaded plugin projectmanager (category:projectmanager,tabindex:3)
2023-12-05 02:39:13,345 [INFO] PluginManage:310 - Check plugin thirdparty
2023-12-05 02:39:14,351 [INFO] PluginManage:359 - Loaded plugin thirdparty (category:base,tabindex:-1)
2023-12-05 02:39:14,351 [INFO] PluginManage:310 - Check plugin tools
2023-12-05 02:39:14,351 [WARN] IntegrityCheckThread:84 - waiting for thirdparty lock release [integrity check]
2023-12-05 02:39:14,352 [INFO] IntegrityCheckThread:86 - entering critical section [integrity check]
2023-12-05 02:39:14,355 [INFO] ThirdPartyUpdaterWithRetryManager:70 - Updater plugin not ready yet. [1/15]
2023-12-05 02:39:14,432 [INFO] PluginManage:359 - Loaded plugin tools (category:base,tabindex:7)
2023-12-05 02:39:14,433 [INFO] PluginManage:310 - Check plugin tutovideos
2023-12-05 02:39:15,168 [INFO] PluginManage:359 - Loaded plugin tutovideos (category:base,tabindex:-1)
2023-12-05 02:39:15,170 [INFO] PluginManage:310 - Check plugin updater
2023-12-05 02:39:15,186 [INFO] PluginManage:359 - Loaded plugin updater (category:base,tabindex:12)
2023-12-05 02:39:15,186 [INFO] PluginManage:310 - Check plugin userauth
2023-12-05 02:39:15,194 [INFO] UserAuth:113 - Init User Auth plugin
2023-12-05 02:39:15,195 [INFO] PluginManage:359 - Loaded plugin userauth (category:base,tabindex:14)
2023-12-05 02:39:15,195 [INFO] PluginManage:283 - PluginManage : Loaded plugins [17]
2023-12-05 02:39:15,686 [INFO] PinOutPanel:1499 - setPackage(No Configuration,No Configuration)
2023-12-05 02:39:16,028 [INFO] CADModel:165 - CPN selected for project level
2023-12-05 02:39:16,029 [INFO] CADModel:114 - Register for checkConnection events
2023-12-05 02:39:16,233 [INFO] IPUIPlugin:80 - create IPUIPlugin
2023-12-05 02:39:16,234 [INFO] PluginManager:220 - loadIPPluginJar : add adc
2023-12-05 02:39:16,309 [INFO] IPUIPlugin:80 - create IPUIPlugin
2023-12-05 02:39:16,309 [INFO] PluginManager:220 - loadIPPluginJar : add aes
2023-12-05 02:39:16,575 [INFO] IPUIPlugin:80 - create IPUIPlugin
2023-12-05 02:39:16,575 [INFO] PluginManager:220 - loadIPPluginJar : add can
2023-12-05 02:39:16,709 [INFO] IPUIPlugin:80 - create IPUIPlugin
2023-12-05 02:39:16,710 [INFO] PluginManager:220 - loadIPPluginJar : add comp
2023-12-05 02:39:17,031 [INFO] IPUIPlugin:80 - create IPUIPlugin
2023-12-05 02:39:17,032 [INFO] PluginManager:220 - loadIPPluginJar : add cryp
2023-12-05 02:39:17,334 [INFO] IPUIPlugin:80 - create IPUIPlugin
2023-12-05 02:39:17,334 [INFO] PluginManager:220 - loadIPPluginJar : add dfsdm
2023-12-05 02:39:17,368 [INFO] IPUIPlugin:80 - create IPUIPlugin
2023-12-05 02:39:17,369 [INFO] PluginManager:220 - loadIPPluginJar : add dma
2023-12-05 02:39:17,374 [INFO] ThirdPartyUpdaterWithRetryManager:70 - Updater plugin not ready yet. [2/15]
2023-12-05 02:39:17,438 [INFO] IPUIPlugin:80 - create IPUIPlugin
2023-12-05 02:39:17,438 [INFO] PluginManager:220 - loadIPPluginJar : add dma3
2023-12-05 02:39:17,470 [INFO] IPUIPlugin:80 - create IPUIPlugin
2023-12-05 02:39:17,470 [INFO] PluginManager:220 - loadIPPluginJar : add fatfs
2023-12-05 02:39:17,591 [INFO] IPUIPlugin:80 - create IPUIPlugin
2023-12-05 02:39:17,591 [INFO] PluginManager:220 - loadIPPluginJar : add fmc
2023-12-05 02:39:17,614 [INFO] IPUIPlugin:80 - create IPUIPlugin
2023-12-05 02:39:17,614 [INFO] PluginManager:220 - loadIPPluginJar : add freertos
2023-12-05 02:39:17,653 [INFO] IPUIPlugin:80 - create IPUIPlugin
2023-12-05 02:39:17,653 [INFO] PluginManager:220 - loadIPPluginJar : add genericplugin
2023-12-05 02:39:17,813 [INFO] IPUIPlugin:80 - create IPUIPlugin
2023-12-05 02:39:17,813 [INFO] PluginManager:220 - loadIPPluginJar : add gfxmmu
2023-12-05 02:39:18,371 [INFO] IPUIPlugin:80 - create IPUIPlugin
2023-12-05 02:39:18,372 [INFO] PluginManager:220 - loadIPPluginJar : add gic
2023-12-05 02:39:18,391 [INFO] IPUIPlugin:80 - create IPUIPlugin
2023-12-05 02:39:18,391 [INFO] PluginManager:220 - loadIPPluginJar : add gpio
2023-12-05 02:39:18,602 [INFO] IPUIPlugin:80 - create IPUIPlugin
2023-12-05 02:39:18,602 [INFO] PluginManager:220 - loadIPPluginJar : add gtzc
2023-12-05 02:39:18,721 [INFO] IPUIPlugin:80 - create IPUIPlugin
2023-12-05 02:39:18,722 [INFO] PluginManager:220 - loadIPPluginJar : add hash
2023-12-05 02:39:18,827 [INFO] IPUIPlugin:80 - create IPUIPlugin
2023-12-05 02:39:18,827 [INFO] PluginManager:220 - loadIPPluginJar : add i2c
2023-12-05 02:39:18,937 [INFO] IPUIPlugin:80 - create IPUIPlugin
2023-12-05 02:39:18,937 [INFO] PluginManager:220 - loadIPPluginJar : add i2s
2023-12-05 02:39:19,083 [INFO] IPUIPlugin:80 - create IPUIPlugin
2023-12-05 02:39:19,084 [INFO] PluginManager:220 - loadIPPluginJar : add i3c
2023-12-05 02:39:19,558 [INFO] IPUIPlugin:80 - create IPUIPlugin
2023-12-05 02:39:19,558 [INFO] PluginManager:220 - loadIPPluginJar : add ipddr
2023-12-05 02:39:19,813 [INFO] IPUIPlugin:80 - create IPUIPlugin
2023-12-05 02:39:19,814 [INFO] PluginManager:220 - loadIPPluginJar : add linkedlist
2023-12-05 02:39:19,963 [INFO] IPUIPlugin:80 - create IPUIPlugin
2023-12-05 02:39:19,963 [INFO] PluginManager:220 - loadIPPluginJar : add lorawan
2023-12-05 02:39:20,177 [INFO] IPUIPlugin:80 - create IPUIPlugin
2023-12-05 02:39:20,177 [INFO] PluginManager:220 - loadIPPluginJar : add ltdc
2023-12-05 02:39:20,212 [INFO] IPUIPlugin:80 - create IPUIPlugin
2023-12-05 02:39:20,213 [INFO] PluginManager:220 - loadIPPluginJar : add mdma
2023-12-05 02:39:20,229 [INFO] IPUIPlugin:80 - create IPUIPlugin
2023-12-05 02:39:20,230 [INFO] PluginManager:220 - loadIPPluginJar : add nvic
2023-12-05 02:39:20,307 [INFO] IPUIPlugin:80 - create IPUIPlugin
2023-12-05 02:39:20,307 [INFO] PluginManager:220 - loadIPPluginJar : add opamp
2023-12-05 02:39:20,376 [INFO] ThirdPartyUpdaterWithRetryManager:70 - Updater plugin not ready yet. [3/15]
2023-12-05 02:39:20,518 [INFO] IPUIPlugin:80 - create IPUIPlugin
2023-12-05 02:39:20,518 [INFO] PluginManager:220 - loadIPPluginJar : add openamp
2023-12-05 02:39:20,670 [INFO] IPUIPlugin:80 - create IPUIPlugin
2023-12-05 02:39:20,670 [INFO] PluginManager:220 - loadIPPluginJar : add pdm2pcm
2023-12-05 02:39:20,745 [INFO] IPUIPlugin:80 - create IPUIPlugin
2023-12-05 02:39:20,748 [INFO] PluginManager:220 - loadIPPluginJar : add plateformsettings
2023-12-05 02:39:20,904 [INFO] IPUIPlugin:80 - create IPUIPlugin
2023-12-05 02:39:20,905 [INFO] PluginManager:220 - loadIPPluginJar : add quadspi
2023-12-05 02:39:20,960 [INFO] IPUIPlugin:80 - create IPUIPlugin
2023-12-05 02:39:20,960 [INFO] PluginManager:220 - loadIPPluginJar : add resmgrutility
2023-12-05 02:39:21,175 [INFO] IPUIPlugin:80 - create IPUIPlugin
2023-12-05 02:39:21,175 [INFO] PluginManager:220 - loadIPPluginJar : add sai
2023-12-05 02:39:21,314 [INFO] IPUIPlugin:80 - create IPUIPlugin
2023-12-05 02:39:21,314 [INFO] PluginManager:220 - loadIPPluginJar : add spi
2023-12-05 02:39:21,573 [INFO] IPUIPlugin:80 - create IPUIPlugin
2023-12-05 02:39:21,573 [INFO] PluginManager:220 - loadIPPluginJar : add stm32_wpan
2023-12-05 02:39:21,634 [INFO] IPUIPlugin:80 - create IPUIPlugin
2023-12-05 02:39:21,634 [INFO] PluginManager:220 - loadIPPluginJar : add tim
2023-12-05 02:39:21,854 [INFO] IPUIPlugin:80 - create IPUIPlugin
2023-12-05 02:39:21,854 [INFO] PluginManager:220 - loadIPPluginJar : add touchsensing
2023-12-05 02:39:21,963 [INFO] IPUIPlugin:80 - create IPUIPlugin
2023-12-05 02:39:21,963 [INFO] PluginManager:220 - loadIPPluginJar : add tracer_emb
2023-12-05 02:39:22,026 [INFO] IPUIPlugin:80 - create IPUIPlugin
2023-12-05 02:39:22,026 [INFO] PluginManager:220 - loadIPPluginJar : add ts
2023-12-05 02:39:22,227 [INFO] IPUIPlugin:80 - create IPUIPlugin
2023-12-05 02:39:22,227 [INFO] PluginManager:220 - loadIPPluginJar : add tsc
2023-12-05 02:39:22,313 [INFO] IPUIPlugin:80 - create IPUIPlugin
2023-12-05 02:39:22,313 [INFO] PluginManager:220 - loadIPPluginJar : add ucpd
2023-12-05 02:39:22,668 [INFO] IPUIPlugin:80 - create IPUIPlugin
2023-12-05 02:39:22,669 [INFO] PluginManager:220 - loadIPPluginJar : add usart
2023-12-05 02:39:22,877 [INFO] IPUIPlugin:80 - create IPUIPlugin
2023-12-05 02:39:22,878 [INFO] PluginManager:220 - loadIPPluginJar : add usbx
2023-12-05 02:39:23,052 [INFO] CADModel:165 - CPN selected for project level
2023-12-05 02:39:23,052 [INFO] CADModel:114 - Register for checkConnection events
2023-12-05 02:39:23,053 [FATAL] Updater:308 - Updater called before beeing initialized
2023-12-05 02:39:23,053 [ERROR] CADModel:125 - Updater not yet initialized, retry later 
2023-12-05 02:39:23,291 [INFO] CADModel:165 - CPN selected for project level
2023-12-05 02:39:23,291 [INFO] CADModel:114 - Register for checkConnection events
2023-12-05 02:39:23,291 [FATAL] Updater:308 - Updater called before beeing initialized
2023-12-05 02:39:23,291 [ERROR] CADModel:125 - Updater not yet initialized, retry later 
2023-12-05 02:39:23,300 [FATAL] Updater:308 - Updater called before beeing initialized
2023-12-05 02:39:23,378 [INFO] ThirdPartyUpdaterWithRetryManager:70 - Updater plugin not ready yet. [4/15]
2023-12-05 02:39:23,507 [FATAL] Updater:308 - Updater called before beeing initialized
2023-12-05 02:39:23,523 [INFO] DbMcusAds:53 - JSON generation date=Wed Nov 29 02:52:38 PST 2023 (1701255158764)
2023-12-05 02:39:23,523 [FATAL] Updater:308 - Updater called before beeing initialized
2023-12-05 02:39:23,622 [WARN] DetailPanel:346 - Failed to get advertising image, set to default
2023-12-05 02:39:23,766 [FATAL] Updater:308 - Updater called before beeing initialized
2023-12-05 02:39:23,769 [FATAL] Updater:308 - Updater called before beeing initialized
2023-12-05 02:39:23,769 [FATAL] Updater:308 - Updater called before beeing initialized
2023-12-05 02:39:23,769 [WARN] DetailPanel:346 - Failed to get advertising image, set to default
2023-12-05 02:39:23,770 [FATAL] Updater:308 - Updater called before beeing initialized
2023-12-05 02:39:23,851 [ERROR] Updater:1120 - MainUpdater not yet initialized. External WinMGr cannot be set.
2023-12-05 02:39:23,876 [INFO] Updater:1056 - Updater Version found : 6.9.2
2023-12-05 02:39:23,903 [INFO] ApplicationProperties:184 - Using Application install path: C:\ST\STM32CubeIDE_1.13.2\STM32CubeIDE\plugins\com.st.stm32cube.common.mx_6.9.2.202309101412
2023-12-05 02:39:23,957 [INFO] MainUpdater:521 - Copy updater definitions from MX database
2023-12-05 02:39:24,123 [INFO] MainUpdater:2868 - connection check result : 10
2023-12-05 02:39:24,124 [INFO] MainUpdater:3562 - Updater definition file requires update
2023-12-05 02:39:24,125 [INFO] MainUpdater:285 - Updater Check For Update Now.
2023-12-05 02:39:24,125 [INFO] MicroXplorer:498 - Change Database Version : DB.6.0.92
2023-12-05 02:39:24,144 [INFO] McuFinderGlobals:63 - Set McuFinder mode to 2 (CubeIDE integrated)
2023-12-05 02:39:24,208 [INFO] ServerAccessManage:473 - Download File updaters.zip
2023-12-05 02:39:24,329 [INFO] FileExtend:240 - Unzip File : updaters.zip
2023-12-05 02:39:24,329 [INFO] FileExtend:255 - Standard Zip Deflate
2023-12-05 02:39:24,826 [INFO] ServerAccessManage:473 - Download File PacksControlFlags.xml
2023-12-05 02:39:24,955 [INFO] ServerAccessManage:473 - Download File cubemx.pidx
2023-12-05 02:39:25,177 [INFO] LoadServerUpdatesThread:373 - End of LoadServerUpdate Thread
2023-12-05 02:39:25,550 [INFO] CheckServerUpdateThread:120 - End of CheckServer Thread
2023-12-05 02:39:27,088 [WARN] PackLoader:240 - Cannot read IP mode file for STMicroelectronics.X-CUBE-SMBUS.2.1.0
2023-12-05 02:39:27,163 [WARN] PackLoader:240 - Cannot read IP mode file for STMicroelectronics.X-CUBE-AZRTOS-F7.1.1.0
2023-12-05 02:39:27,252 [WARN] PackLoader:240 - Cannot read IP mode file for STMicroelectronics.FP-SNS-MOTENV1.4.3.2
2023-12-05 02:39:27,332 [WARN] PackLoader:240 - Cannot read IP mode file for STMicroelectronics.FP-SNS-FLIGHT1.5.0.2
2023-12-05 02:39:27,444 [WARN] PackLoader:240 - Cannot read IP mode file for STMicroelectronics.X-CUBE-DISPLAY.3.0.0
2023-12-05 02:39:27,487 [WARN] PackLoader:240 - Cannot read IP mode file for STMicroelectronics.X-CUBE-BLE1.7.0.0
2023-12-05 02:39:27,528 [WARN] PackLoader:240 - Cannot read IP mode file for emotas.I-CUBE-CANOPEN.1.3.0
2023-12-05 02:39:27,728 [WARN] PackLoader:240 - Cannot read IP mode file for STMicroelectronics.X-CUBE-TOUCHGFX.4.22.1
2023-12-05 02:39:27,794 [WARN] PackLoader:240 - Cannot read IP mode file for STMicroelectronics.FP-SNS-SMARTAG2.1.2.0
2023-12-05 02:39:27,846 [INFO] LogOutputStream:77 - [STDOUT_REDIRECT] 1 : Invalid condition id : UX_CORESTACK_Condition cause : null
2023-12-05 02:39:27,847 [INFO] LogOutputStream:77 - [STDOUT_REDIRECT] 1 : Invalid condition id : UX_CORESTACK_Condition cause : null
2023-12-05 02:39:27,848 [INFO] LogOutputStream:77 - [STDOUT_REDIRECT] 1 : Invalid condition id : UX_CORESTACK_Condition cause : null
2023-12-05 02:39:27,850 [INFO] LogOutputStream:77 - [STDOUT_REDIRECT] 1 : Invalid condition id : UX_CORESTACK_Condition cause : null
2023-12-05 02:39:27,851 [INFO] LogOutputStream:77 - [STDOUT_REDIRECT] 1 : Invalid condition id : UX_CORESTACK_Condition cause : null
2023-12-05 02:39:27,856 [WARN] PackLoader:240 - Cannot read IP mode file for STMicroelectronics.X-CUBE-AZRTOS-WL.2.0.0
2023-12-05 02:39:27,926 [WARN] PackLoader:240 - Cannot read IP mode file for WES.I-CUBE-Cesium.1.3.0
2023-12-05 02:39:28,014 [WARN] PackLoader:240 - Cannot read IP mode file for STMicroelectronics.X-CUBE-BLE2.3.3.0
2023-12-05 02:39:28,119 [WARN] PackLoader:240 - Cannot read IP mode file for STMicroelectronics.X-CUBE-ALGOBUILD.1.3.0
2023-12-05 02:39:28,230 [WARN] PackLoader:240 - Cannot read IP mode file for STMicroelectronics.X-CUBE-AZRTOS-G0.1.1.0
2023-12-05 02:39:28,329 [WARN] PackLoader:240 - Cannot read IP mode file for STMicroelectronics.X-CUBE-NFC4.3.0.0
2023-12-05 02:39:28,443 [WARN] PackLoader:240 - Cannot read IP mode file for STMicroelectronics.X-CUBE-BLEMGR.3.0.0
2023-12-05 02:39:28,516 [WARN] PackLoader:240 - Cannot read IP mode file for STMicroelectronics.FP-ATR-SIGFOX1.3.2.0
2023-12-05 02:39:28,716 [WARN] PackLoader:240 - Cannot read IP mode file for STMicroelectronics.X-CUBE-GNSS1.6.0.0
2023-12-05 02:39:28,906 [WARN] PackLoader:240 - Cannot read IP mode file for STMicroelectronics.X-CUBE-AZRTOS-F4.1.1.0
2023-12-05 02:39:28,928 [WARN] PackLoader:240 - Cannot read IP mode file for wolfSSL.I-CUBE-wolfSSL.5.6.4
2023-12-05 02:39:29,006 [WARN] PackLoader:240 - Cannot read IP mode file for STMicroelectronics.X-CUBE-AZRTOS-L5.2.0.0
2023-12-05 02:39:29,193 [WARN] PackLoader:240 - Cannot read IP mode file for STMicroelectronics.X-CUBE-EEPRMA1.4.2.0
2023-12-05 02:39:29,221 [WARN] PackLoader:240 - Cannot read IP mode file for ITTIA_DB.I-CUBE-ITTIADB.8.8.0
2023-12-05 02:39:29,312 [WARN] ConditionMgr:438 - getConditionDescription Invalid condition id : UX DEVICE CLASS RTOS Condition cause : null
2023-12-05 02:39:29,312 [WARN] ConditionMgr:438 - getConditionDescription Invalid condition id : UX DEVICE CLASS RTOS Condition cause : null
2023-12-05 02:39:29,318 [WARN] PackLoader:240 - Cannot read IP mode file for STMicroelectronics.X-CUBE-AZRTOS-H7.3.1.0
2023-12-05 02:39:29,320 [WARN] ConditionMgr:1039 - genDependencies : Invalid condition id : UX DEVICE CLASS RTOS Condition cause : null
2023-12-05 02:39:29,321 [WARN] ConditionMgr:1039 - genDependencies : Invalid condition id : UX DEVICE CLASS RTOS Condition cause : null
2023-12-05 02:39:29,321 [WARN] ConditionMgr:1039 - genDependencies : Invalid condition id : UX DEVICE CLASS RTOS Condition cause : null
2023-12-05 02:39:29,322 [WARN] ConditionMgr:1039 - genDependencies : Invalid condition id : UX DEVICE CLASS RTOS Condition cause : null
2023-12-05 02:39:29,322 [WARN] ConditionMgr:1039 - genDependencies : Invalid condition id : UX DEVICE CLASS RTOS Condition cause : null
2023-12-05 02:39:29,359 [WARN] PackLoader:240 - Cannot read IP mode file for STMicroelectronics.X-CUBE-NFC7.1.0.1
2023-12-05 02:39:29,391 [WARN] PackLoader:240 - Cannot read IP mode file for STMicroelectronics.X-CUBE-NFC6.3.0.0
2023-12-05 02:39:29,428 [WARN] PackLoader:240 - Cannot read IP mode file for STMicroelectronics.X-CUBE-AI.8.1.0
2023-12-05 02:39:29,490 [WARN] ConditionMgr:438 - getConditionDescription Invalid condition id : LAN8742 Phy interface Condition cause : null
2023-12-05 02:39:29,491 [WARN] PackLoader:240 - Cannot read IP mode file for STMicroelectronics.X-CUBE-AZRTOS-L4.2.0.0
2023-12-05 02:39:29,492 [WARN] ConditionMgr:1039 - genDependencies : Invalid condition id : LAN8742 Phy interface Condition cause : null
2023-12-05 02:39:29,492 [WARN] ConditionMgr:1039 - genDependencies : Invalid condition id : LAN8742 Phy interface Condition cause : null
2023-12-05 02:39:29,494 [WARN] ConditionMgr:1039 - genDependencies : Invalid condition id : LAN8742 Phy interface Condition cause : null
2023-12-05 02:39:29,539 [WARN] PackLoader:240 - Cannot read IP mode file for STMicroelectronics.X-CUBE-SFXS2LP1.4.0.0
2023-12-05 02:39:29,563 [WARN] PackLoader:240 - Cannot read IP mode file for STMicroelectronics.X-CUBE-ISPU.1.1.0
2023-12-05 02:39:29,600 [WARN] ConditionMgr:438 - getConditionDescription Invalid condition id : UX DEVICE CLASS RTOS Condition cause : null
2023-12-05 02:39:29,602 [WARN] ConditionMgr:438 - getConditionDescription Invalid condition id : UX DEVICE CLASS RTOS Condition cause : null
2023-12-05 02:39:29,605 [WARN] PackLoader:240 - Cannot read IP mode file for STMicroelectronics.X-CUBE-AZRTOS-WB.2.0.0
2023-12-05 02:39:29,610 [WARN] ConditionMgr:1039 - genDependencies : Invalid condition id : UX DEVICE CLASS RTOS Condition cause : null
2023-12-05 02:39:29,610 [WARN] ConditionMgr:1039 - genDependencies : Invalid condition id : UX DEVICE CLASS RTOS Condition cause : null
2023-12-05 02:39:29,611 [WARN] ConditionMgr:1039 - genDependencies : Invalid condition id : UX DEVICE CLASS RTOS Condition cause : null
2023-12-05 02:39:29,611 [WARN] ConditionMgr:1039 - genDependencies : Invalid condition id : UX DEVICE CLASS RTOS Condition cause : null
2023-12-05 02:39:29,611 [WARN] ConditionMgr:1039 - genDependencies : Invalid condition id : UX DEVICE CLASS RTOS Condition cause : null
2023-12-05 02:39:29,647 [WARN] PackLoader:240 - Cannot read IP mode file for STMicroelectronics.X-CUBE-SUBG2.5.0.0
2023-12-05 02:39:29,683 [WARN] PackLoader:240 - Cannot read IP mode file for STMicroelectronics.X-CUBE-TOF1.3.3.1
2023-12-05 02:39:29,748 [WARN] PackLoader:240 - Cannot read IP mode file for STMicroelectronics.X-CUBE-AZRTOS-G4.2.0.0
2023-12-05 02:39:29,781 [WARN] PackLoader:240 - Cannot read IP mode file for Infineon.AIROC-Wi-Fi-Bluetooth-STM32.1.5.1
2023-12-05 02:39:29,802 [WARN] PackLoader:240 - Cannot read IP mode file for STMicroelectronics.FP-SNS-MOTENVWB1.1.3.0
2023-12-05 02:39:29,823 [WARN] PackLoader:240 - Cannot read IP mode file for STMicroelectronics.FP-SNS-MOTENVWB1.1.3.1
2023-12-05 02:39:29,851 [WARN] PackLoader:240 - Cannot read IP mode file for STMicroelectronics.X-CUBE-ISPU.2.0.0
2023-12-05 02:39:30,006 [WARN] PackLoader:240 - Cannot read IP mode file for STMicroelectronics.X-CUBE-MEMS1.10.0.0
2023-12-05 02:39:30,167 [WARN] PackLoader:240 - Cannot read IP mode file for STMicroelectronics.X-CUBE-FREERTOS.1.1.0
2023-12-05 02:39:30,189 [WARN] PackLoader:240 - Cannot read IP mode file for portGmbH.I-Cube-SoM-uGOAL.1.1.0
2023-12-05 02:39:30,205 [WARN] PackLoader:240 - Cannot read IP mode file for STMicroelectronics.X-CUBE-ALS.1.0.1
2023-12-05 02:39:30,223 [WARN] PackLoader:240 - Cannot read IP mode file for STMicroelectronics.FP-ATR-ASTRA1.2.0.0
2023-12-05 02:39:30,249 [WARN] PackLoader:240 - Cannot read IP mode file for STMicroelectronics.X-CUBE-TOF1.3.4.0
2023-12-05 02:39:30,306 [WARN] PackLoader:240 - Cannot read IP mode file for STMicroelectronics.X-CUBE-AZRTOS-H7.3.2.0
2023-12-05 02:39:30,310 [INFO] ThirdParty:978 - Integrity check success = true
2023-12-05 02:39:30,310 [INFO] IntegrityCheckThread:100 - exiting critical section [integrity check]
2023-12-05 02:39:30,310 [INFO] IntegrityCheckThread:103 - End integrity checks thread
2023-12-05 02:39:45,287 [ERROR] LogOutputStream:75 - [STDERR_REDIRECT] SLF4J: Failed to load class "org.slf4j.impl.StaticLoggerBinder".
2023-12-05 02:39:45,288 [ERROR] LogOutputStream:75 - [STDERR_REDIRECT] SLF4J: Defaulting to no-operation (NOP) logger implementation
2023-12-05 02:39:45,288 [ERROR] LogOutputStream:75 - [STDERR_REDIRECT] SLF4J: See http://www.slf4j.org/codes.html#StaticLoggerBinder for further details.
